INFO - WARN - MPS4_SCC->CFG_ACLK reads 0. Assuming default clock of 32000000
Processor internal clock: 32000000Hz
INFO - V2M-MPS4 revision A
INFO - Application Note AN22b, Revision C
INFO - MPS4 build 3
INFO - MPS4 core clock has been set to: 32000000Hz
INFO - CPU ID: 0x411fd230
INFO - CPU: Cortex-M85 r1p0
INFO - Enabling I-cache.
INFO - Enabling D-cache.
INFO - Configured TA_SRAM       @0x50006000
INFO - Configured TA_EXT        @0x50006800
INFO - Initialising Ethos-U device@0x50004000
INFO - Using Dedicated_Sram memory mode; fast cache size: 393216
INFO - Ethos-U device initialised
INFO - Ethos-U version info:
INFO -  Arch:       v2.0.0
INFO -  Driver:     v1.0.0
INFO -  MACs/cc:    256
INFO -  Cmd stream: v1
INFO - HDLCD resolution id: 4
INFO - Target system design: Arm Corstone-320
INFO - Device MPS4 HDLCD configured
INFO - Resolution:    320 x 240
INFO - Colour format: ARGB8888
INFO - ARM ML Embedded Evaluation Kit
INFO - Version 26.03.0 Build date: Jul 13 2026 @ 15:17:43
INFO - Compiler: GNU-15.3.1
INFO - Copyright 2021-2026 Arm Limited and/or its affiliates <open-source-office@arm.com>
INFO - Initialising ExecuTorch runtime
INFO - Model PTE file loaded. Size: 5720560 bytes.
INFO - Model buffer loaded, has 1 methods
INFO - Method found "forward"
INFO - Setting up method allocator pool. Base: 0x70608990, size: 2097152 bytes.
INFO - Setting up planned buffer 0, size 752640.
INFO - Total planned memory allocated: 752640 bytes
INFO - Setting up temporary allocator pool. Base: 0x94000000, size: 33554432 bytes.
I [ExecuTorch: EthosUBackend.cpp:122 init()] data:0x70093070
INFO - Method memory allocated: 617 bytes
INFO - Method forward loaded.
INFO - Preparing inputs...
INFO - Inputs allocated: 602116 bytes.
INFO - Preparing outputs; count: 1
INFO - Outputs prepared
INFO - Number of input tensors:  1
INFO - Tensor: 602112 bytes; 150528 elements
INFO -  Shape:  [1, 3, 224, 224]
INFO -  Type:   fp32
INFO - Number of output tensors: 1
INFO - Tensor: 4000 bytes; 1000 elements
INFO -  Shape:  [1, 1000]
INFO -  Type:   fp32
INFO - Number of operators: 2
INFO -  Operator 0: cortex_m::quantize_per_tensor.out
INFO -  Operator 1: cortex_m::dequantize_per_tensor.out
INFO - Delegate calls:
INFO -  Inst 1: EthosUBackend
INFO - NPU memory mode: Dedicated_Sram
INFO -  Method memory: Used: 1355373; Peak: 1355373; Available: 2097152
INFO -  Temp memory: Used: 0; Peak: 108; Available: 33554432
INFO - Model initialisation complete
INFO - Initialising camera interface: Static sample images
INFO - Using sample image: cat.bmp
INFO - Final results:
INFO - Total number of inferences: 1
INFO - 0) 292 (5.093660) -> tiger, Panthera tigris
INFO - 1) 288 (5.046929) -> leopard, Panthera pardus
INFO - 2) 282 (4.906737) -> tiger cat
INFO - 3) 289 (4.673083) -> snow leopard, ounce, Panthera uncia
INFO - 4) 281 (4.673083) -> tabby, tabby cat
INFO - Profile for Inference:
INFO - NPU ACTIVE: 50395072 cycles
INFO - NPU ETHOSU_PMU_SRAM_RD_DATA_BEAT_RECEIVED: 7888567 beats
INFO - NPU ETHOSU_PMU_SRAM_WR_DATA_BEAT_WRITTEN: 6772913 beats
INFO - NPU ETHOSU_PMU_EXT_RD_DATA_BEAT_RECEIVED: 1916049 beats
INFO - NPU ETHOSU_PMU_EXT_WR_DATA_BEAT_WRITTEN: 1035495 beats
INFO - NPU IDLE: 984 cycles
INFO - NPU TOTAL: 50396056 cycles
INFO - Using sample image: dog.bmp
INFO - Final results:
INFO - Total number of inferences: 1
INFO - 0) 208 (6.075007) -> Labrador retriever
INFO - 1) 179 (5.420776) -> Staffordshire bullterrier, Staffordshire bull terrier
INFO - 2) 254 (5.187122) -> pug, pug-dog
INFO - 3) 210 (5.000198) -> German short-haired pointer
INFO - 4) 234 (4.766544) -> Rottweiler
INFO - Profile for Inference:
INFO - NPU ACTIVE: 50393924 cycles
INFO - NPU ETHOSU_PMU_SRAM_RD_DATA_BEAT_RECEIVED: 7888567 beats
INFO - NPU ETHOSU_PMU_SRAM_WR_DATA_BEAT_WRITTEN: 6772913 beats
INFO - NPU ETHOSU_PMU_EXT_RD_DATA_BEAT_RECEIVED: 1916049 beats
INFO - NPU ETHOSU_PMU_EXT_WR_DATA_BEAT_WRITTEN: 1035495 beats
INFO - NPU IDLE: 132 cycles
INFO - NPU TOTAL: 50394056 cycles
INFO - Using sample image: kimono.bmp
INFO - Final results:
INFO - Total number of inferences: 1
INFO - 0) 611 (4.579621) -> jigsaw puzzle
INFO - 1) 300 (2.944042) -> tiger beetle
INFO - 2) 917 (2.897311) -> comic book
INFO - 3) 400 (2.897311) -> academic gown, academic robe, judge's robe
INFO - 4) 918 (2.663657) -> crossword puzzle, crossword
INFO - Profile for Inference:
INFO - NPU ACTIVE: 50394776 cycles
INFO - NPU ETHOSU_PMU_SRAM_RD_DATA_BEAT_RECEIVED: 7888567 beats
INFO - NPU ETHOSU_PMU_SRAM_WR_DATA_BEAT_WRITTEN: 6772913 beats
INFO - NPU ETHOSU_PMU_EXT_RD_DATA_BEAT_RECEIVED: 1916049 beats
INFO - NPU ETHOSU_PMU_EXT_WR_DATA_BEAT_WRITTEN: 1035495 beats
INFO - NPU IDLE: 280 cycles
INFO - NPU TOTAL: 50395056 cycles
INFO - Using sample image: tiger.bmp
INFO - Final results:
INFO - Total number of inferences: 1
INFO - 0) 292 (7.056355) -> tiger, Panthera tigris
INFO - 1) 282 (6.121738) -> tiger cat
INFO - 2) 340 (3.645005) -> zebra
INFO - 3) 353 (2.710388) -> gazelle
INFO - 4) 290 (2.570195) -> jaguar, panther, Panthera onca, Felis onca
INFO - Profile for Inference:
INFO - NPU ACTIVE: 50394628 cycles
INFO - NPU ETHOSU_PMU_SRAM_RD_DATA_BEAT_RECEIVED: 7888567 beats
INFO - NPU ETHOSU_PMU_SRAM_WR_DATA_BEAT_WRITTEN: 6772913 beats
INFO - NPU ETHOSU_PMU_EXT_RD_DATA_BEAT_RECEIVED: 1916049 beats
INFO - NPU ETHOSU_PMU_EXT_WR_DATA_BEAT_WRITTEN: 1035495 beats
INFO - NPU IDLE: 428 cycles
INFO - NPU TOTAL: 50395056 cycles
INFO - Main loop terminated successfully.
INFO -  Method memory: Used: 1355373; Peak: 1355373; Available: 2097152
INFO -  Temp memory: Used: 0; Peak: 624096; Available: 33554432
INFO - program terminating...
